GET http://localhost:8000/task/1
SQLITE_ERROR: near "tasks": syntax error time : 1741863246919
GET http://localhost:8000/task/1
SQLITE_ERROR: no such column: id time : 1741863324917
GET http://localhost:8000/task/1
SQLITE_ERROR: no such column: id time : 1741863744091
PUT http://localhost:8000/task/3
SQLITE_ERROR: no such column: id time : 1741864464741
DELETE http://localhost:8000/task/3
SQLITE_ERROR: no such column: id time : 1741864521958
POST http://localhost:8000/user/
Class constructor dBCallWithPromise cannot be invoked without 'new' time : 1742035614360
POST http://localhost:8000/project/
SQLITE_CONSTRAINT: NOT NULL constraint failed: projects.user_id time : 1742035773212
POST http://localhost:8000/project/
SQLITE_CONSTRAINT: NOT NULL constraint failed: projects.user_id time : 1742035845452
POST http://localhost:8000/project/
SQLITE_CONSTRAINT: NOT NULL constraint failed: projects.user_id time : 1742035875654
POST http://localhost:8000/project/
SQLITE_CONSTRAINT: NOT NULL constraint failed: projects.user_id time : 1742035921108
POST http://localhost:8000/comment/
SQLITE_CONSTRAINT: FOREIGN KEY constraint failed time : 1742036489699
GET http://localhost:8000/task/
SQLITE_ERROR: no such column: isCompleted time : 1742036818175
GET http://localhost:8000/task/
SQLITE_ERROR: no such column: isCompleted time : 1742037061918
GET http://localhost:8000/task/
SQLITE_ERROR: no such column: isCompleted time : 1742037077076
DELETE http://localhost:8000/user/1
idToDelete is not defined time : 1742037531562
POST http://localhost:8000/fake-data
SQLITE_CONSTRAINT: UNIQUE constraint failed: users.user_mail time : 1742186371634
POST http://localhost:8000/fake-data
SQLITE_ERROR: too many SQL variables time : 1742186573036
POST http://localhost:8000/fake-data
SQLITE_ERROR: too many SQL variables time : 1742186951035
POST http://localhost:8000/fake-data
fakeTaskCreater is not defined time : 1742188234754
POST http://localhost:8000/fake-data
fakeTaskCreater is not defined time : 1742188306060
